<?xml version="1.0" encoding="utf-8"?><testsuites name="pytest tests"><testsuite name="pytest" errors="0" failures="1" skipped="0" tests="42" time="21.652" timestamp="2026-09-03T08:17:30.120839+00:00" hostname="agent-env-53ccabb3-91b7-41f2-9031-08479d5407e5"><testcase classname="tests.backend_test.TestOrders" name="test_public_order_creation_and_totals" time="0.338" /><testcase classname="tests.backend_test.TestRouteProtection" name="test_get_requires_auth[/admin/orders]" time="0.166" /><testcase classname="tests.backend_test.TestRouteProtection" name="test_get_requires_auth[/admin/products]" time="0.111" /><testcase classname="tests.backend_test.TestRouteProtection" name="test_get_requires_auth[/admin/stats]" time="0.111" /><testcase classname="tests.backend_test.TestRouteProtection" name="test_get_requires_auth[/admin/media]" time="0.300" /><testcase classname="tests.backend_test.TestOrders" name="test_order_appears_in_admin_list" time="0.625" /><testcase classname="tests.backend_test.TestRouteProtection" name="test_post_requires_auth[/admin/products]" time="0.107" /><testcase classname="tests.backend_test.TestRouteProtection" name="test_post_requires_auth[/admin/ai/generate-product]" time="0.107" /><testcase classname="tests.backend_test.TestRouteProtection" name="test_post_requires_auth[/admin/media/generate-banner]" time="0.136" /><testcase classname="tests.backend_test.TestOrders" name="test_order_invalid_product_404" time="0.131" /><testcase classname="tests.backend_test.TestRouteProtection" name="test_post_requires_auth[/admin/media/generate-video]" time="0.134" /><testcase classname="tests.backend_test.TestOrders" name="test_status_update_persists" time="1.038" /><testcase classname="tests.backend_test.TestRouteProtection" name="test_invalid_token_rejected" time="0.137" /><testcase classname="tests.backend_test.TestAuth" name="test_login_success_sets_httponly_cookies" time="0.399" /><testcase classname="tests.backend_test.TestOrders" name="test_status_invalid_400" time="0.277" /><testcase classname="tests.backend_test.TestAuth" name="test_me_authenticated" time="0.488" /><testcase classname="tests.backend_test.TestAuth" name="test_me_unauthenticated" time="0.137" /><testcase classname="tests.backend_test.TestAuth" name="test_refresh" time="0.066" /><testcase classname="tests.backend_test.TestAuth" name="test_wrong_password_401" time="0.349" /><testcase classname="tests.backend_test.TestOrders" name="test_status_missing_order_404" time="0.057" /><testcase classname="tests.backend_test.TestOrders" name="test_fulfillment_sets_awb_and_dispatched" time="0.774" /><testcase classname="tests.backend_test.TestAuth" name="test_logout_clears_cookies" time="0.551" /><testcase classname="tests.backend_test.TestOrders" name="test_fulfill_bad_provider_400" time="0.420" /><testcase classname="tests.backend_test.TestAuth" name="test_cors_allows_credentials" time="0.003" /><testcase classname="tests.backend_test.TestMedia" name="test_list_media" time="0.103" /><testcase classname="tests.backend_test.TestMedia" name="test_activate_banner_exclusive" time="0.393" /><testcase classname="tests.backend_test.TestProducts" name="test_crud_and_persistence" time="0.744" /><testcase classname="tests.backend_test.TestMedia" name="test_activate_missing_404" time="0.073" /><testcase classname="tests.backend_test.TestMedia" name="test_delete_missing_404" time="0.068" /><testcase classname="tests.test_auth_playbook" name="test_admin_hash_and_indexes" time="0.005" /><testcase classname="tests.test_auth_playbook" name="test_brute_force_lockout_public_url" time="0.922"><failure message="AssertionError: no lockout via public URL; codes=[401, 401, 401, 401, 401, 401, 401] identifiers=['10.208.134.66:lockout-24b230fcb46d4ed696c147d0b4a3f2c2@example.com', '10.208.134.70:lockout-24b230fcb46d4ed696c147d0b4a3f2c2@example.com']&#10;assert 429 in [401, 401]">mongo_db = Database(MongoClient(host=['localhost:27017'], document_class=dict, tz_aware=False, connect=True), 'test_database')

    def test_brute_force_lockout_public_url(mongo_db):
        email = f"lockout-{uuid.uuid4().hex}@example.com"
        codes = [requests.post(f"{API}/auth/login", json={"email": email, "password": "bad"}, timeout=30).status_code
                 for _ in range(7)]
        identifiers = mongo_db.login_attempts.distinct("identifier", {"email": email})
        print(f"codes={codes} distinct_identifiers={identifiers}")
        assert codes[:5] == [401] * 5, codes
&gt;       assert 429 in codes[5:], f"no lockout via public URL; codes={codes} identifiers={identifiers}"
E       AssertionError: no lockout via public URL; codes=[401, 401, 401, 401, 401, 401, 401] identifiers=['10.208.134.66:lockout-24b230fcb46d4ed696c147d0b4a3f2c2@example.com', '10.208.134.70:lockout-24b230fcb46d4ed696c147d0b4a3f2c2@example.com']
E       assert 429 in [401, 401]

tests/test_auth_playbook.py:45: AssertionError</failure></testcase><testcase classname="tests.backend_test.TestProducts" name="test_update_missing_product_404" time="0.059" /><testcase classname="tests.backend_test.TestProducts" name="test_delete_missing_product_404" time="0.116" /><testcase classname="tests.backend_test.TestProducts" name="test_create_validation_error" time="0.109" /><testcase classname="tests.backend_test.TestStorefront" name="test_store_products_published_only" time="0.133" /><testcase classname="tests.backend_test.TestStorefront" name="test_store_banner" time="0.151" /><testcase classname="tests.test_auth_playbook" name="test_brute_force_lockout_localhost" time="0.019" /><testcase classname="tests.backend_test.TestPasswordReset" name="test_forgot_password_generic_for_registered_and_unregistered" time="1.497" /><testcase classname="tests.backend_test.TestAI" name="test_generate_product_content" time="4.281" /><testcase classname="tests.backend_test.TestPasswordReset" name="test_reset_with_invalid_token_400" time="0.139" /><testcase classname="tests.backend_test.TestStats" name="test_stats_shape" time="0.103" /><testcase classname="tests.backend_test.TestAI" name="test_generate_banner_image" time="11.714" /></testsuite></testsuites>